<?xml version="1.0" encoding="UTF-8"?>
<testng-results skipped="0" failed="0" ignored="0" total="1" passed="1">
  <reporter-output>
  </reporter-output>
  <suite name="Default suite" duration-ms="158382" started-at="2019-12-04T07:19:22Z" finished-at="2019-12-04T07:22:00Z">
    <groups>
      <group name="cucumber">
        <method signature="AbstractTestNGCucumberTests.feature(cucumber.api.testng.CucumberFeatureWrapper)[pri:0, instance:com.pw.cucumberrunner.Cucumber_Main@62bd765]" name="feature" class="cucumber.api.testng.AbstractTestNGCucumberTests"/>
      </group> <!-- cucumber -->
    </groups>
    <test name="Default test" duration-ms="158382" started-at="2019-12-04T07:19:22Z" finished-at="2019-12-04T07:22:00Z">
      <class name="com.pw.cucumberrunner.Cucumber_Main">
        <test-method status="PASS" signature="setUpClass()[pri:0, instance:com.pw.cucumberrunner.Cucumber_Main@62bd765]" name="setUpClass" is-config="true" duration-ms="441" started-at="2019-12-04T07:19:22Z" finished-at="2019-12-04T07:19:22Z">
          <reporter-output>
          </reporter-output>
        </test-method> <!-- setUpClass -->
        <test-method status="PASS" signature="setup()[pri:0, instance:com.pw.cucumberrunner.Cucumber_Main@62bd765]" name="setup" is-config="true" duration-ms="0" started-at="2019-12-04T07:19:22Z" finished-at="2019-12-04T07:19:22Z">
          <reporter-output>
          </reporter-output>
        </test-method> <!-- setup -->
        <test-method status="PASS" signature="feature(cucumber.api.testng.CucumberFeatureWrapper)[pri:0, instance:com.pw.cucumberrunner.Cucumber_Main@62bd765]" name="feature" duration-ms="156895" started-at="2019-12-04T07:19:23Z" description="Runs Cucumber Feature" data-provider="features" finished-at="2019-12-04T07:22:00Z">
          <params>
            <param index="0">
              <value>
                <![CDATA[ADD Sell order side tray validation]]>
              </value>
            </param>
          </params>
          <reporter-output>
          </reporter-output>
        </test-method> <!-- feature -->
        <test-method status="PASS" signature="teardown()[pri:0, instance:com.pw.cucumberrunner.Cucumber_Main@62bd765]" name="teardown" is-config="true" duration-ms="39" started-at="2019-12-04T07:22:00Z" finished-at="2019-12-04T07:22:00Z">
          <reporter-output>
          </reporter-output>
        </test-method> <!-- teardown -->
        <test-method status="PASS" signature="tearDownClass()[pri:0, instance:com.pw.cucumberrunner.Cucumber_Main@62bd765]" name="tearDownClass" is-config="true" duration-ms="468" started-at="2019-12-04T07:22:00Z" finished-at="2019-12-04T07:22:00Z">
          <reporter-output>
          </reporter-output>
        </test-method> <!-- tearDownClass -->
      </class> <!-- com.pw.cucumberrunner.Cucumber_Main -->
    </test> <!-- Default test -->
  </suite> <!-- Default suite -->
</testng-results>
